<?xml version="1.0" encoding="UTF-8"?>
<!-- Generated by org.testng.reporters.JUnitReportReporter -->
<testsuite skipped="0" hostname="gurenderkush" name="com.AutoBots.cucumber.testrunner.RunCucumberFeatures" tests="1" failures="0" timestamp="28 Sep 2019 08:48:24 GMT" time="11.852" errors="0">
  <testcase name="feature" time="11.852" classname="com.AutoBots.cucumber.testrunner.RunCucumberFeatures"/>
</testsuite> <!-- com.AutoBots.cucumber.testrunner.RunCucumberFeatures -->
